This file contains any messages produced by compilers while
running configure, to aid debugging if configure makes a mistake.

It was created by pfring.c configure 1.0, which was
generated by GNU Autoconf 2.69.  Invocation command line was

  $ ./configure 

## --------- ##
## Platform. ##
## --------- ##

hostname = goo.smacked.org
uname -m = x86_64
uname -r = 2.6.32-220.23.1.el6.sipfish.x86_64
uname -s = Linux
uname -v = #1 SMP Fri Jan 10 22:44:46 PST 2014

/usr/bin/uname -p = unknown
/bin/uname -X     = unknown

/bin/arch              = x86_64
/usr/bin/arch -k       = unknown
/usr/convex/getsysinfo = unknown
/usr/bin/hostinfo      = unknown
/bin/machine           = unknown
/usr/bin/oslevel       = unknown
/bin/universe          = unknown

PATH: /opt/ruby-enterprise/bin
PATH: /usr/lib64/qt-3.3/bin
PATH: /usr/local/sbin
PATH: /usr/sbin
PATH: /sbin
PATH: /usr/local/bin
PATH: /usr/bin
PATH: /bin
PATH: /root/bin


## ----------- ##
## Core tests. ##
## ----------- ##

configure:2092: checking for gcc
configure:2108: found /usr/bin/gcc
configure:2119: result: gcc
configure:2348: checking for C compiler version
configure:2357: gcc --version >&5
gcc (GCC) 4.4.7 20120313 (Red Hat 4.4.7-3)
Copyright (C) 2010 Free Software Foundation, Inc.
This is free software; see the source for copying conditions.  There is NO
warranty; not even for MERCHANTABILITY or FITNESS FOR A PARTICULAR PURPOSE.

configure:2368: $? = 0
configure:2357: gcc -v >&5
Using built-in specs.
Target: x86_64-redhat-linux
Configured with: ../configure --prefix=/usr --mandir=/usr/share/man --infodir=/usr/share/info --with-bugurl=http://bugzilla.redhat.com/bugzilla --enable-bootstrap --enable-shared --enable-threads=posix --enable-checking=release --with-system-zlib --enable-__cxa_atexit --disable-libunwind-exceptions --enable-gnu-unique-object --enable-languages=c,c++,objc,obj-c++,java,fortran,ada --enable-java-awt=gtk --disable-dssi --with-java-home=/usr/lib/jvm/java-1.5.0-gcj-1.5.0.0/jre --enable-libgcj-multifile --enable-java-maintainer-mode --with-ecj-jar=/usr/share/java/eclipse-ecj.jar --disable-libjava-multilib --with-ppl --with-cloog --with-tune=generic --with-arch_32=i686 --build=x86_64-redhat-linux
Thread model: posix
gcc version 4.4.7 20120313 (Red Hat 4.4.7-3) (GCC) 
configure:2368: $? = 0
configure:2357: gcc -V >&5
gcc: '-V' option must have argument
configure:2368: $? = 1
configure:2357: gcc -qversion >&5
gcc: unrecognized option '-qversion'
gcc: no input files
configure:2368: $? = 1
configure:2388: checking whether the C compiler works
configure:2410: gcc    conftest.c  >&5
configure:2414: $? = 0
configure:2462: result: yes
configure:2465: checking for C compiler default output file name
configure:2467: result: a.out
configure:2473: checking for suffix of executables
configure:2480: gcc -o conftest    conftest.c  >&5
configure:2484: $? = 0
configure:2506: result: 
configure:2528: checking whether we are cross compiling
configure:2536: gcc -o conftest    conftest.c  >&5
configure:2540: $? = 0
configure:2547: ./conftest
configure:2551: $? = 0
configure:2566: result: no
configure:2571: checking for suffix of object files
configure:2593: gcc -c   conftest.c >&5
configure:2597: $? = 0
configure:2618: result: o
configure:2622: checking whether we are using the GNU C compiler
configure:2641: gcc -c   conftest.c >&5
configure:2641: $? = 0
configure:2650: result: yes
configure:2659: checking whether gcc accepts -g
configure:2679: gcc -c -g  conftest.c >&5
configure:2679: $? = 0
configure:2720: result: yes
configure:2737: checking for gcc option to accept ISO C89
configure:2800: gcc  -c -g -O2  conftest.c >&5
configure:2800: $? = 0
configure:2813: result: none needed
configure:2842: checking how to run the C preprocessor
configure:2873: gcc -E  conftest.c
configure:2873: $? = 0
configure:2887: gcc -E  conftest.c
conftest.c:9:28: error: ac_nonexistent.h: No such file or directory
configure:2887: $? = 1
configure: failed program was:
| /* confdefs.h */
| #define PACKAGE_NAME "pfring.c"
| #define PACKAGE_TARNAME "pfring-c"
| #define PACKAGE_VERSION "1.0"
| #define PACKAGE_STRING "pfring.c 1.0"
| #define PACKAGE_BUGREPORT ""
| #define PACKAGE_URL ""
| /* end confdefs.h.  */
| #include <ac_nonexistent.h>
configure:2912: result: gcc -E
configure:2932: gcc -E  conftest.c
configure:2932: $? = 0
configure:2946: gcc -E  conftest.c
conftest.c:9:28: error: ac_nonexistent.h: No such file or directory
configure:2946: $? = 1
configure: failed program was:
| /* confdefs.h */
| #define PACKAGE_NAME "pfring.c"
| #define PACKAGE_TARNAME "pfring-c"
| #define PACKAGE_VERSION "1.0"
| #define PACKAGE_STRING "pfring.c 1.0"
| #define PACKAGE_BUGREPORT ""
| #define PACKAGE_URL ""
| /* end confdefs.h.  */
| #include <ac_nonexistent.h>
configure:2975: checking for grep that handles long lines and -e
configure:3033: result: /bin/grep
configure:3038: checking for egrep
configure:3100: result: /bin/grep -E
configure:3105: checking for ANSI C header files
configure:3125: gcc -c -g -O2  conftest.c >&5
configure:3125: $? = 0
configure:3198: gcc -o conftest -g -O2   conftest.c  >&5
configure:3198: $? = 0
configure:3198: ./conftest
configure:3198: $? = 0
configure:3209: result: yes
configure:3222: checking for sys/types.h
configure:3222: gcc -c -g -O2  conftest.c >&5
configure:3222: $? = 0
configure:3222: result: yes
configure:3222: checking for sys/stat.h
configure:3222: gcc -c -g -O2  conftest.c >&5
configure:3222: $? = 0
configure:3222: result: yes
configure:3222: checking for stdlib.h
configure:3222: gcc -c -g -O2  conftest.c >&5
configure:3222: $? = 0
configure:3222: result: yes
configure:3222: checking for string.h
configure:3222: gcc -c -g -O2  conftest.c >&5
configure:3222: $? = 0
configure:3222: result: yes
configure:3222: checking for memory.h
configure:3222: gcc -c -g -O2  conftest.c >&5
configure:3222: $? = 0
configure:3222: result: yes
configure:3222: checking for strings.h
configure:3222: gcc -c -g -O2  conftest.c >&5
configure:3222: $? = 0
configure:3222: result: yes
configure:3222: checking for inttypes.h
configure:3222: gcc -c -g -O2  conftest.c >&5
configure:3222: $? = 0
configure:3222: result: yes
configure:3222: checking for stdint.h
configure:3222: gcc -c -g -O2  conftest.c >&5
configure:3222: $? = 0
configure:3222: result: yes
configure:3222: checking for unistd.h
configure:3222: gcc -c -g -O2  conftest.c >&5
configure:3222: $? = 0
configure:3222: result: yes
configure:3237: checking linux/net_tstamp.h usability
configure:3237: gcc -c -g -O2  conftest.c >&5
conftest.c:52:30: error: linux/net_tstamp.h: No such file or directory
configure:3237: $? = 1
configure: failed program was:
| /* confdefs.h */
| #define PACKAGE_NAME "pfring.c"
| #define PACKAGE_TARNAME "pfring-c"
| #define PACKAGE_VERSION "1.0"
| #define PACKAGE_STRING "pfring.c 1.0"
| #define PACKAGE_BUGREPORT ""
| #define PACKAGE_URL ""
| #define STDC_HEADERS 1
| #define HAVE_SYS_TYPES_H 1
| #define HAVE_SYS_STAT_H 1
| #define HAVE_STDLIB_H 1
| #define HAVE_STRING_H 1
| #define HAVE_MEMORY_H 1
| #define HAVE_STRINGS_H 1
| #define HAVE_INTTYPES_H 1
| #define HAVE_STDINT_H 1
| #define HAVE_UNISTD_H 1
| /* end confdefs.h.  */
| #include <stdio.h>
| #ifdef HAVE_SYS_TYPES_H
| # include <sys/types.h>
| #endif
| #ifdef HAVE_SYS_STAT_H
| # include <sys/stat.h>
| #endif
| #ifdef STDC_HEADERS
| # include <stdlib.h>
| # include <stddef.h>
| #else
| # ifdef HAVE_STDLIB_H
| #  include <stdlib.h>
| # endif
| #endif
| #ifdef HAVE_STRING_H
| # if !defined STDC_HEADERS && defined HAVE_MEMORY_H
| #  include <memory.h>
| # endif
| # include <string.h>
| #endif
| #ifdef HAVE_STRINGS_H
| # include <strings.h>
| #endif
| #ifdef HAVE_INTTYPES_H
| # include <inttypes.h>
| #endif
| #ifdef HAVE_STDINT_H
| # include <stdint.h>
| #endif
| #ifdef HAVE_UNISTD_H
| # include <unistd.h>
| #endif
| #include <linux/net_tstamp.h>
configure:3237: result: no
configure:3237: checking linux/net_tstamp.h presence
configure:3237: gcc -E  conftest.c
conftest.c:19:30: error: linux/net_tstamp.h: No such file or directory
configure:3237: $? = 1
configure: failed program was:
| /* confdefs.h */
| #define PACKAGE_NAME "pfring.c"
| #define PACKAGE_TARNAME "pfring-c"
| #define PACKAGE_VERSION "1.0"
| #define PACKAGE_STRING "pfring.c 1.0"
| #define PACKAGE_BUGREPORT ""
| #define PACKAGE_URL ""
| #define STDC_HEADERS 1
| #define HAVE_SYS_TYPES_H 1
| #define HAVE_SYS_STAT_H 1
| #define HAVE_STDLIB_H 1
| #define HAVE_STRING_H 1
| #define HAVE_MEMORY_H 1
| #define HAVE_STRINGS_H 1
| #define HAVE_INTTYPES_H 1
| #define HAVE_STDINT_H 1
| #define HAVE_UNISTD_H 1
| /* end confdefs.h.  */
| #include <linux/net_tstamp.h>
configure:3237: result: no
configure:3237: checking for linux/net_tstamp.h
configure:3237: result: no
configure:3237: checking librdi.h usability
configure:3237: gcc -c -g -O2  conftest.c >&5
conftest.c:52:20: error: librdi.h: No such file or directory
configure:3237: $? = 1
configure: failed program was:
| /* confdefs.h */
| #define PACKAGE_NAME "pfring.c"
| #define PACKAGE_TARNAME "pfring-c"
| #define PACKAGE_VERSION "1.0"
| #define PACKAGE_STRING "pfring.c 1.0"
| #define PACKAGE_BUGREPORT ""
| #define PACKAGE_URL ""
| #define STDC_HEADERS 1
| #define HAVE_SYS_TYPES_H 1
| #define HAVE_SYS_STAT_H 1
| #define HAVE_STDLIB_H 1
| #define HAVE_STRING_H 1
| #define HAVE_MEMORY_H 1
| #define HAVE_STRINGS_H 1
| #define HAVE_INTTYPES_H 1
| #define HAVE_STDINT_H 1
| #define HAVE_UNISTD_H 1
| /* end confdefs.h.  */
| #include <stdio.h>
| #ifdef HAVE_SYS_TYPES_H
| # include <sys/types.h>
| #endif
| #ifdef HAVE_SYS_STAT_H
| # include <sys/stat.h>
| #endif
| #ifdef STDC_HEADERS
| # include <stdlib.h>
| # include <stddef.h>
| #else
| # ifdef HAVE_STDLIB_H
| #  include <stdlib.h>
| # endif
| #endif
| #ifdef HAVE_STRING_H
| # if !defined STDC_HEADERS && defined HAVE_MEMORY_H
| #  include <memory.h>
| # endif
| # include <string.h>
| #endif
| #ifdef HAVE_STRINGS_H
| # include <strings.h>
| #endif
| #ifdef HAVE_INTTYPES_H
| # include <inttypes.h>
| #endif
| #ifdef HAVE_STDINT_H
| # include <stdint.h>
| #endif
| #ifdef HAVE_UNISTD_H
| # include <unistd.h>
| #endif
| #include <librdi.h>
configure:3237: result: no
configure:3237: checking librdi.h presence
configure:3237: gcc -E  conftest.c
conftest.c:19:20: error: librdi.h: No such file or directory
configure:3237: $? = 1
configure: failed program was:
| /* confdefs.h */
| #define PACKAGE_NAME "pfring.c"
| #define PACKAGE_TARNAME "pfring-c"
| #define PACKAGE_VERSION "1.0"
| #define PACKAGE_STRING "pfring.c 1.0"
| #define PACKAGE_BUGREPORT ""
| #define PACKAGE_URL ""
| #define STDC_HEADERS 1
| #define HAVE_SYS_TYPES_H 1
| #define HAVE_SYS_STAT_H 1
| #define HAVE_STDLIB_H 1
| #define HAVE_STRING_H 1
| #define HAVE_MEMORY_H 1
| #define HAVE_STRINGS_H 1
| #define HAVE_INTTYPES_H 1
| #define HAVE_STDINT_H 1
| #define HAVE_UNISTD_H 1
| /* end confdefs.h.  */
| #include <librdi.h>
configure:3237: result: no
configure:3237: checking for librdi.h
configure:3237: result: no
configure:3279: checking for pthread_setaffinity_np in -lpthread
configure:3304: gcc -o conftest    conftest.c -lpthread   >&5
configure:3304: $? = 0
configure:3313: result: yes
configure:3325: checking Zero support
configure:3331: result: yes
configure:3340: checking if r/w locks are supported
configure:3362: gcc -o conftest    conftest.c  >&5
configure:3362: $? = 0
configure:3362: ./conftest
configure:3362: $? = 0
configure:3363: result: yes
configure:3380: checking DNA support
configure:3387: result: yes
configure:3395: checking Virtual support
configure:3401: result: yes
configure:3413: checking for librdi.h
configure:3413: result: no
configure:3492: checking for redisCommand in -lhiredis
configure:3517: gcc -o conftest    conftest.c -lhiredis   >&5
/usr/bin/ld: cannot find -lhiredis
collect2: ld returned 1 exit status
configure:3517: $? = 1
configure: failed program was:
| /* confdefs.h */
| #define PACKAGE_NAME "pfring.c"
| #define PACKAGE_TARNAME "pfring-c"
| #define PACKAGE_VERSION "1.0"
| #define PACKAGE_STRING "pfring.c 1.0"
| #define PACKAGE_BUGREPORT ""
| #define PACKAGE_URL ""
| #define STDC_HEADERS 1
| #define HAVE_SYS_TYPES_H 1
| #define HAVE_SYS_STAT_H 1
| #define HAVE_STDLIB_H 1
| #define HAVE_STRING_H 1
| #define HAVE_MEMORY_H 1
| #define HAVE_STRINGS_H 1
| #define HAVE_INTTYPES_H 1
| #define HAVE_STDINT_H 1
| #define HAVE_UNISTD_H 1
| #define HAVE_PTHREAD_SETAFFINITY_NP 1
| #define HAVE_RW_LOCK 1
| /* end confdefs.h.  */
| 
| /* Override any GCC internal prototype to avoid an error.
|    Use char because int might match the return type of a GCC
|    builtin and then its argument prototype would still apply.  */
| #ifdef __cplusplus
| extern "C"
| #endif
| char redisCommand ();
| int
| main ()
| {
| return redisCommand ();
|   ;
|   return 0;
| }
configure:3526: result: no
configure:3548: checking for nl_handle_alloc in -lnl
configure:3573: gcc -o conftest    conftest.c -lnl   >&5
/usr/bin/ld: cannot find -lnl
collect2: ld returned 1 exit status
configure:3573: $? = 1
configure: failed program was:
| /* confdefs.h */
| #define PACKAGE_NAME "pfring.c"
| #define PACKAGE_TARNAME "pfring-c"
| #define PACKAGE_VERSION "1.0"
| #define PACKAGE_STRING "pfring.c 1.0"
| #define PACKAGE_BUGREPORT ""
| #define PACKAGE_URL ""
| #define STDC_HEADERS 1
| #define HAVE_SYS_TYPES_H 1
| #define HAVE_SYS_STAT_H 1
| #define HAVE_STDLIB_H 1
| #define HAVE_STRING_H 1
| #define HAVE_MEMORY_H 1
| #define HAVE_STRINGS_H 1
| #define HAVE_INTTYPES_H 1
| #define HAVE_STDINT_H 1
| #define HAVE_UNISTD_H 1
| #define HAVE_PTHREAD_SETAFFINITY_NP 1
| #define HAVE_RW_LOCK 1
| /* end confdefs.h.  */
| 
| /* Override any GCC internal prototype to avoid an error.
|    Use char because int might match the return type of a GCC
|    builtin and then its argument prototype would still apply.  */
| #ifdef __cplusplus
| extern "C"
| #endif
| char nl_handle_alloc ();
| int
| main ()
| {
| return nl_handle_alloc ();
|   ;
|   return 0;
| }
configure:3582: result: no
configure:3589: checking for dag_get_stream_erf_types in -ldag
configure:3614: gcc -o conftest    conftest.c -ldag    >&5
/usr/bin/ld: cannot find -ldag
collect2: ld returned 1 exit status
configure:3614: $? = 1
configure: failed program was:
| /* confdefs.h */
| #define PACKAGE_NAME "pfring.c"
| #define PACKAGE_TARNAME "pfring-c"
| #define PACKAGE_VERSION "1.0"
| #define PACKAGE_STRING "pfring.c 1.0"
| #define PACKAGE_BUGREPORT ""
| #define PACKAGE_URL ""
| #define STDC_HEADERS 1
| #define HAVE_SYS_TYPES_H 1
| #define HAVE_SYS_STAT_H 1
| #define HAVE_STDLIB_H 1
| #define HAVE_STRING_H 1
| #define HAVE_MEMORY_H 1
| #define HAVE_STRINGS_H 1
| #define HAVE_INTTYPES_H 1
| #define HAVE_STDINT_H 1
| #define HAVE_UNISTD_H 1
| #define HAVE_PTHREAD_SETAFFINITY_NP 1
| #define HAVE_RW_LOCK 1
| /* end confdefs.h.  */
| 
| /* Override any GCC internal prototype to avoid an error.
|    Use char because int might match the return type of a GCC
|    builtin and then its argument prototype would still apply.  */
| #ifdef __cplusplus
| extern "C"
| #endif
| char dag_get_stream_erf_types ();
| int
| main ()
| {
| return dag_get_stream_erf_types ();
|   ;
|   return 0;
| }
configure:3623: result: no
configure:3797: creating ./config.status

## ---------------------- ##
## Running config.status. ##
## ---------------------- ##

This file was extended by pfring.c config.status 1.0, which was
generated by GNU Autoconf 2.69.  Invocation command line was

  CONFIG_FILES    = 
  CONFIG_HEADERS  = 
  CONFIG_LINKS    = 
  CONFIG_COMMANDS = 
  $ ./config.status 

on goo.smacked.org

config.status:824: creating Makefile
config.status:824: creating ../examples/Makefile
config.status:824: creating ../c++/Makefile
config.status:824: creating config.h
config.status:994: config.h is unchanged

## ---------------- ##
## Cache variables. ##
## ---------------- ##

ac_cv_c_compiler_gnu=yes
ac_cv_env_CC_set=
ac_cv_env_CC_value=
ac_cv_env_CFLAGS_set=
ac_cv_env_CFLAGS_value=
ac_cv_env_CPPFLAGS_set=
ac_cv_env_CPPFLAGS_value=
ac_cv_env_CPP_set=
ac_cv_env_CPP_value=
ac_cv_env_LDFLAGS_set=
ac_cv_env_LDFLAGS_value=
ac_cv_env_LIBS_set=
ac_cv_env_LIBS_value=
ac_cv_env_build_alias_set=
ac_cv_env_build_alias_value=
ac_cv_env_host_alias_set=
ac_cv_env_host_alias_value=
ac_cv_env_target_alias_set=
ac_cv_env_target_alias_value=
ac_cv_header_inttypes_h=yes
ac_cv_header_librdi_h=no
ac_cv_header_linux_net_tstamp_h=no
ac_cv_header_memory_h=yes
ac_cv_header_stdc=yes
ac_cv_header_stdint_h=yes
ac_cv_header_stdlib_h=yes
ac_cv_header_string_h=yes
ac_cv_header_strings_h=yes
ac_cv_header_sys_stat_h=yes
ac_cv_header_sys_types_h=yes
ac_cv_header_unistd_h=yes
ac_cv_lib_dag_dag_get_stream_erf_types=no
ac_cv_lib_hiredis_redisCommand=no
ac_cv_lib_nl_nl_handle_alloc=no
ac_cv_lib_pthread_pthread_setaffinity_np=yes
ac_cv_objext=o
ac_cv_path_EGREP='/bin/grep -E'
ac_cv_path_GREP=/bin/grep
ac_cv_prog_CPP='gcc -E'
ac_cv_prog_ac_ct_CC=gcc
ac_cv_prog_cc_c89=
ac_cv_prog_cc_g=yes

## ----------------- ##
## Output variables. ##
## ----------------- ##

BPF_INCLUDE='-I../libpcap'
CC='gcc'
CFLAGS=''
CPP='gcc -E'
CPPFLAGS=''
DAG_LIB=''
DAG_OBJS=''
DEFS='-DHAVE_CONFIG_H'
DNA_DEP='extract_dna_lib'
DNA_LIB='libs/libpfring_dna_x86_64.a'
DNA_OBJS='pfring_mod_dna.o pfring_dna.o pfring_e1000e_dna.o pfring_e1000_dna.o pfring_ixgbe_dna.o pfring_igb_dna.o silicom_ts.o pfring_dna_utils.o '
ECHO_C=''
ECHO_N='-n'
ECHO_T=''
EGREP='/bin/grep -E'
EXEEXT=''
GREP='/bin/grep'
HAVE_BPF='-D ENABLE_BPF'
HAVE_DAG=''
HAVE_DNA='-D HAVE_DNA'
HAVE_HW_TIMESTAMP=''
HAVE_REDIRECTOR=''
HAVE_VIRTUAL='-D HAVE_VIRTUAL'
HAVE_ZERO='-D HAVE_ZERO'
INSTALL_PREFIX='/usr/local'
LDFLAGS=''
LIBOBJS=''
LIBS=''
LTLIBOBJS=''
OBJEXT='o'
PACKAGE_BUGREPORT=''
PACKAGE_NAME='pfring.c'
PACKAGE_STRING='pfring.c 1.0'
PACKAGE_TARNAME='pfring-c'
PACKAGE_URL=''
PACKAGE_VERSION='1.0'
PATH_SEPARATOR=':'
REDIS_LIB=''
SHELL='/bin/sh'
SILICOM_LIBS=''
SYSLIBS=''
VIRTUAL_DEP='extract_virtual_lib'
VIRTUAL_LIB='libs/libpfring_mod_virtual_x86_64.a'
VIRTUAL_OBJS='pfring_mod_virtual.o '
ZERO_DEP='extract_zero_lib'
ZERO_LIB='libs/libpfring_zero_x86_64.a'
ZERO_OBJS='pfring_dna_bouncer.o pfring_mod_dna_cluster.o pfring_dna_cluster.o pfring_dna_vas.o pfring_dna_sal.o pfring_libzero.o hugepages_lib.o '
ac_ct_CC='gcc'
bindir='${exec_prefix}/bin'
build_alias=''
datadir='${datarootdir}'
datarootdir='${prefix}/share'
docdir='${datarootdir}/doc/${PACKAGE_TARNAME}'
dvidir='${docdir}'
exec_prefix='${prefix}'
host_alias=''
htmldir='${docdir}'
includedir='${prefix}/include'
infodir='${datarootdir}/info'
libdir='${exec_prefix}/lib'
libexecdir='${exec_prefix}/libexec'
localedir='${datarootdir}/locale'
localstatedir='${prefix}/var'
mandir='${datarootdir}/man'
oldincludedir='/usr/include'
pdfdir='${docdir}'
prefix='/usr/local'
program_transform_name='s,x,x,'
psdir='${docdir}'
sbindir='${exec_prefix}/sbin'
sharedstatedir='${prefix}/com'
sysconfdir='${prefix}/etc'
target_alias=''

## ----------- ##
## confdefs.h. ##
## ----------- ##

/* confdefs.h */
#define PACKAGE_NAME "pfring.c"
#define PACKAGE_TARNAME "pfring-c"
#define PACKAGE_VERSION "1.0"
#define PACKAGE_STRING "pfring.c 1.0"
#define PACKAGE_BUGREPORT ""
#define PACKAGE_URL ""
#define STDC_HEADERS 1
#define HAVE_SYS_TYPES_H 1
#define HAVE_SYS_STAT_H 1
#define HAVE_STDLIB_H 1
#define HAVE_STRING_H 1
#define HAVE_MEMORY_H 1
#define HAVE_STRINGS_H 1
#define HAVE_INTTYPES_H 1
#define HAVE_STDINT_H 1
#define HAVE_UNISTD_H 1
#define HAVE_PTHREAD_SETAFFINITY_NP 1
#define HAVE_RW_LOCK 1

configure: exit 0
